Using pre-set license
Built from '2020.3/staging' branch; Version is '2020.3.14f1 (d0d1bb862f9d) revision 13685179'; Using compiler version '192528614'; Build Type 'Release'
OS: 'Windows 10 Home Single Language; OS build 19041.1288; Version 2004; 64bit' Language: 'ru' Physical Memory: 16165 MB
BatchMode: 1, IsHumanControllingUs: 0, StartBugReporterOnCrash: 0, Is64bit: 1, IsPro: 0

 COMMAND LINE ARGUMENTS:
C:\Program Files\Unity\Hub\Editor\2020.3.14f1\Editor\Unity.exe
-adb2
-batchMode
-noUpm
-name
AssetImportWorker0
-projectPath
C:/UnityProjects/TestProject
-logFile
Logs/AssetImportWorker0.log
-srvPort
63976
Successfully changed project path to: C:/UnityProjects/TestProject
C:/UnityProjects/TestProject
Using Asset Import Pipeline V2.
Refreshing native plugins compatible for Editor in 24.61 ms, found 2 plugins.
Preloading 0 native plugins for Editor in 0.00 ms.
Initialize engine version: 2020.3.14f1 (d0d1bb862f9d)
[Subsystems] Discovering subsystems at path C:/Program Files/Unity/Hub/Editor/2020.3.14f1/Editor/Data/Resources/UnitySubsystems
[Subsystems] Discovering subsystems at path C:/UnityProjects/TestProject/Assets
GfxDevice: creating device client; threaded=0
Direct3D:
    Version:  Direct3D 11.0 [level 11.1]
    Renderer: NVIDIA GeForce RTX 2080 Super with Max-Q Design (ID=0x1ed3)
    Vendor:   
    VRAM:     8010 MB
    Driver:   30.0.14.7168
Initialize mono
Mono path[0] = 'C:/Program Files/Unity/Hub/Editor/2020.3.14f1/Editor/Data/Managed'
Mono path[1] = 'C:/Program Files/Unity/Hub/Editor/2020.3.14f1/Editor/Data/MonoBleedingEdge/lib/mono/unityjit'
Mono config path = 'C:/Program Files/Unity/Hub/Editor/2020.3.14f1/Editor/Data/MonoBleedingEdge/etc'
Using monoOptions --debugger-agent=transport=dt_socket,embedding=1,server=y,suspend=n,address=127.0.0.1:56380
Begin MonoManager ReloadAssembly
Registering precompiled unity dll's ...
Register platform support module: C:/Program Files/Unity/Hub/Editor/2020.3.14f1/Editor/Data/PlaybackEngines/WindowsStandaloneSupport/UnityEditor.WindowsStandalone.Extensions.dll
Registered in 0.114198 seconds.
Native extension for WindowsStandalone target not found
Refreshing native plugins compatible for Editor in 20.82 ms, found 2 plugins.
Preloading 0 native plugins for Editor in 0.00 ms.
Mono: successfully reloaded assembly
- Completed reload, in  7.139 seconds
Domain Reload Profiling:
	ReloadAssembly (7140ms)
		BeginReloadAssembly (2159ms)
			ExecutionOrderSort (0ms)
			DisableScriptedObjects (0ms)
			BackupInstance (0ms)
			ReleaseScriptingObjects (0ms)
			CreateAndSetChildDomain (1ms)
		EndReloadAssembly (650ms)
			LoadAssemblies (2161ms)
			RebuildTransferFunctionScriptingTraits (0ms)
			SetupTypeCache (401ms)
			ReleaseScriptCaches (0ms)
			RebuildScriptCaches (31ms)
			SetupLoadedEditorAssemblies (137ms)
				LogAssemblyErrors (0ms)
				InitializePlatformSupportModulesInManaged (3ms)
				SetLoadedEditorAssemblies (0ms)
				RefreshPlugins (21ms)
				BeforeProcessingInitializeOnLoad (13ms)
				ProcessInitializeOnLoadAttributes (73ms)
				ProcessInitializeOnLoadMethodAttributes (27ms)
				AfterProcessingInitializeOnLoad (0ms)
				EditorAssembliesLoaded (0ms)
			ExecutionOrderSort2 (0ms)
			AwakeInstancesAfterBackupRestoration (0ms)
Platform modules already initialized, skipping
Registering precompiled user dll's ...
Registered in 0.491714 seconds.
Begin MonoManager ReloadAssembly
Native extension for WindowsStandalone target not found
Refreshing native plugins compatible for Editor in 0.64 ms, found 2 plugins.
Preloading 0 native plugins for Editor in 0.00 ms.
Mono: successfully reloaded assembly
- Completed reload, in  3.144 seconds
Domain Reload Profiling:
	ReloadAssembly (3149ms)
		BeginReloadAssembly (162ms)
			ExecutionOrderSort (0ms)
			DisableScriptedObjects (5ms)
			BackupInstance (0ms)
			ReleaseScriptingObjects (0ms)
			CreateAndSetChildDomain (23ms)
		EndReloadAssembly (2925ms)
			LoadAssemblies (1310ms)
			RebuildTransferFunctionScriptingTraits (0ms)
			SetupTypeCache (1020ms)
			ReleaseScriptCaches (0ms)
			RebuildScriptCaches (51ms)
			SetupLoadedEditorAssemblies (449ms)
				LogAssemblyErrors (0ms)
				InitializePlatformSupportModulesInManaged (5ms)
				SetLoadedEditorAssemblies (1ms)
				RefreshPlugins (1ms)
				BeforeProcessingInitializeOnLoad (88ms)
				ProcessInitializeOnLoadAttributes (345ms)
				ProcessInitializeOnLoadMethodAttributes (4ms)
				AfterProcessingInitializeOnLoad (7ms)
				EditorAssembliesLoaded (0ms)
			ExecutionOrderSort2 (0ms)
			AwakeInstancesAfterBackupRestoration (6ms)
Platform modules already initialized, skipping
========================================================================
Worker process is ready to serve import requests
Launched and connected shader compiler UnityShaderCompiler.exe after 0.08 seconds
Refreshing native plugins compatible for Editor in 0.25 ms, found 2 plugins.
Preloading 0 native plugins for Editor in 0.00 ms.
Unloading 1390 Unused Serialized files (Serialized files now loaded: 0)
System memory in use before: 64.7 MB.
System memory in use after: 64.8 MB.

Unloading 19 unused Assets to reduce memory usage. Loaded Objects now: 1823.
Total: 5.326500 ms (FindLiveObjects: 1.304200 ms CreateObjectMapping: 0.380100 ms MarkObjects: 3.472900 ms  DeleteObjects: 0.165900 ms)

AssetImportParameters requested are different than current active one (requested -> active):
  custom:framework-win-MediaFoundation: 216162199b28c13a410421893ffa2e32 -> 
  custom:video-decoder-ogg-theora: a1e56fd34408186e4bbccfd4996cb3dc -> 
  custom:container-muxer-webm: aa71ff27fc2769a1b78a27578f13a17b -> 
  custom:container-demuxer-webm: 4f35f7cbe854078d1ac9338744f61a02 -> 
  custom:container-demuxer-ogg: 62fdf1f143b41e24485cea50d1cbac27 -> 
  custom:video-encoder-webm-vp8: eb34c28f22e8b96e1ab97ce403110664 -> 
  custom:video-codec-MediaFoundation-h265: 746d11721c4dcdbdad8f713fa42b33f4 -> 
  custom:video-decoder-webm-vp8: 9c59270c3fd7afecdb556c50c9e8de78 -> 
  custom:audio-decoder-ogg-vorbis: bf7c407c2cedff20999df2af8eb42d56 -> 
  custom:audio-encoder-webm-vorbis: bf7c407c2cedff20999df2af8eb42d56 -> 
========================================================================
Received Import Request.
  path: Assets/UnityTestTask-20211016T180516Z-001/UnityTestTask
  artifactKey: Guid(82ed682aebe858c4f8371662f4b484fb) Importer(815301076,1909f56bfc062723c751e8b465ee728b)
Start importing Assets/UnityTestTask-20211016T180516Z-001/UnityTestTask using Guid(82ed682aebe858c4f8371662f4b484fb) Importer(815301076,1909f56bfc062723c751e8b465ee728b)  -> (artifact id: '7113684d3eb0f2e5513de502081cf5f2') in 0.019170 seconds 
  Import took 0.024417 seconds .

========================================================================
Received Import Request.
  Time since last request: 0.000491 seconds.
  path: Assets/UnityTestTask-20211016T180516Z-001/UnityTestTask/dg001_step_ap242.stp
  artifactKey: Guid(6cf0e650c6147cc4aaf5f92094862c1d) Importer(815301076,1909f56bfc062723c751e8b465ee728b)
Start importing Assets/UnityTestTask-20211016T180516Z-001/UnityTestTask/dg001_step_ap242.stp using Guid(6cf0e650c6147cc4aaf5f92094862c1d) Importer(815301076,1909f56bfc062723c751e8b465ee728b)  -> (artifact id: '5278da04a7a2ffabf32cdf9a698757ff') in 0.038217 seconds 
  Import took 0.041617 seconds .

========================================================================
Received Import Request.
  Time since last request: 0.000258 seconds.
  path: Assets/UnityTestTask-20211016T180516Z-001/UnityTestTask/dg4.png
  artifactKey: Guid(87ced1e241f7c3c42960a762bf38d8e0) Importer(815301076,1909f56bfc062723c751e8b465ee728b)
Start importing Assets/UnityTestTask-20211016T180516Z-001/UnityTestTask/dg4.png using Guid(87ced1e241f7c3c42960a762bf38d8e0) Importer(815301076,1909f56bfc062723c751e8b465ee728b)  -> (artifact id: '413a2945e30e4d90a8fbae013a4c2420') in 0.072428 seconds 
  Import took 0.074897 seconds .

========================================================================
Received Import Request.
  Time since last request: 0.000227 seconds.
  path: Assets/UnityTestTask-20211016T180516Z-001/UnityTestTask/dg3.png
  artifactKey: Guid(7a9a4248827ab1941b52f03b3993cd5e) Importer(815301076,1909f56bfc062723c751e8b465ee728b)
Start importing Assets/UnityTestTask-20211016T180516Z-001/UnityTestTask/dg3.png using Guid(7a9a4248827ab1941b52f03b3993cd5e) Importer(815301076,1909f56bfc062723c751e8b465ee728b)  -> (artifact id: '31b66064ac99b2b7913bb740fbeead69') in 0.024063 seconds 
  Import took 0.026270 seconds .

========================================================================
Received Import Request.
  Time since last request: 0.000204 seconds.
  path: Assets/UnityTestTask-20211016T180516Z-001/UnityTestTask/dg1.png
  artifactKey: Guid(98f10abfa3b5b2a43b6f635df129597f) Importer(815301076,1909f56bfc062723c751e8b465ee728b)
Start importing Assets/UnityTestTask-20211016T180516Z-001/UnityTestTask/dg1.png using Guid(98f10abfa3b5b2a43b6f635df129597f) Importer(815301076,1909f56bfc062723c751e8b465ee728b)  -> (artifact id: '5ffcf7624e00c64a39f2b1c541f7debe') in 0.015546 seconds 
  Import took 0.017597 seconds .

========================================================================
Received Import Request.
  Time since last request: 0.000244 seconds.
  path: Assets/UnityTestTask-20211016T180516Z-001/UnityTestTask/dg001_stl.stl
  artifactKey: Guid(1013c57480f4106458f9309c13bdd81e) Importer(815301076,1909f56bfc062723c751e8b465ee728b)
Start importing Assets/UnityTestTask-20211016T180516Z-001/UnityTestTask/dg001_stl.stl using Guid(1013c57480f4106458f9309c13bdd81e) Importer(815301076,1909f56bfc062723c751e8b465ee728b)  -> (artifact id: 'd54f349eacb7fe8b5557c1363d70d58b') in 0.016752 seconds 
  Import took 0.019669 seconds .

========================================================================
Received Import Request.
  Time since last request: 0.000426 seconds.
  path: Assets/UnityTestTask-20211016T180516Z-001
  artifactKey: Guid(b5ba1f817412bdf4b9bdc9822c41b3f4) Importer(815301076,1909f56bfc062723c751e8b465ee728b)
Start importing Assets/UnityTestTask-20211016T180516Z-001 using Guid(b5ba1f817412bdf4b9bdc9822c41b3f4) Importer(815301076,1909f56bfc062723c751e8b465ee728b)  -> (artifact id: '8f7226a887a92bef422aefdff88ac897') in 0.007144 seconds 
  Import took 0.009431 seconds .

========================================================================
Received Import Request.
  Time since last request: 0.000244 seconds.
  path: Assets/UnityTestTask-20211016T180516Z-001/UnityTestTask/dg2.png
  artifactKey: Guid(20ea98cb9dbfd7849b7174e16f9478f8) Importer(815301076,1909f56bfc062723c751e8b465ee728b)
Start importing Assets/UnityTestTask-20211016T180516Z-001/UnityTestTask/dg2.png using Guid(20ea98cb9dbfd7849b7174e16f9478f8) Importer(815301076,1909f56bfc062723c751e8b465ee728b)  -> (artifact id: '802e4fb40a4ca15e147ac7ed16a610ef') in 0.015237 seconds 
  Import took 0.017317 seconds .

========================================================================
Received Import Request.
  Time since last request: 0.000438 seconds.
  path: Assets/UnityTestTask-20211016T180516Z-001/UnityTestTask/dg001_step_ap203.stp
  artifactKey: Guid(79973f0b262420f4eab6fded64055f9f) Importer(815301076,1909f56bfc062723c751e8b465ee728b)
Start importing Assets/UnityTestTask-20211016T180516Z-001/UnityTestTask/dg001_step_ap203.stp using Guid(79973f0b262420f4eab6fded64055f9f) Importer(815301076,1909f56bfc062723c751e8b465ee728b)  -> (artifact id: '58eafa4cd8e159db3c16d1f96f2a1ce1') in 0.008356 seconds 
  Import took 0.011297 seconds .

========================================================================
Received Import Request.
  Time since last request: 1323.779035 seconds.
  path: Assets/UnityTestTask-20211016T180516Z-001/UnityTestTask/dg1.png
  artifactKey: Guid(98f10abfa3b5b2a43b6f635df129597f) Importer(815301076,1909f56bfc062723c751e8b465ee728b)
Start importing Assets/UnityTestTask-20211016T180516Z-001/UnityTestTask/dg1.png using Guid(98f10abfa3b5b2a43b6f635df129597f) Importer(815301076,1909f56bfc062723c751e8b465ee728b)  -> (artifact id: '1230173c2241c569e684e45e9311b4bd') in 0.220847 seconds 
  Import took 0.237130 seconds .

========================================================================
Received Import Request.
  Time since last request: 43.075261 seconds.
  path: Assets/UnityTestTask-20211016T180516Z-001/UnityTestTask/dg001.fbx
  artifactKey: Guid(9a8bc2f8f769dd84a99da8e872b9e34f) Importer(815301076,1909f56bfc062723c751e8b465ee728b)
Start importing Assets/UnityTestTask-20211016T180516Z-001/UnityTestTask/dg001.fbx using Guid(9a8bc2f8f769dd84a99da8e872b9e34f) Importer(815301076,1909f56bfc062723c751e8b465ee728b)  -> (artifact id: 'a84b983f08e048616fcd01585f5875b2') in 0.441512 seconds 
  Import took 0.444183 seconds .

========================================================================
Received Import Request.
  Time since last request: 1159.840023 seconds.
  path: Assets
  artifactKey: Guid(00000000000000001000000000000000) Importer(815301076,1909f56bfc062723c751e8b465ee728b)
Start importing Assets using Guid(00000000000000001000000000000000) Importer(815301076,1909f56bfc062723c751e8b465ee728b)  -> (artifact id: '42d402b061de3733987d63b9cc3b64de') in 0.013651 seconds 
  Import took 0.016491 seconds .

========================================================================
Received Prepare
Registering precompiled user dll's ...
Registered in 0.006267 seconds.
Begin MonoManager ReloadAssembly
Native extension for WindowsStandalone target not found
Refreshing native plugins compatible for Editor in 0.28 ms, found 2 plugins.
Preloading 0 native plugins for Editor in 0.00 ms.
Mono: successfully reloaded assembly
- Completed reload, in  1.126 seconds
Domain Reload Profiling:
	ReloadAssembly (1127ms)
		BeginReloadAssembly (219ms)
			ExecutionOrderSort (0ms)
			DisableScriptedObjects (10ms)
			BackupInstance (0ms)
			ReleaseScriptingObjects (0ms)
			CreateAndSetChildDomain (102ms)
		EndReloadAssembly (825ms)
			LoadAssemblies (110ms)
			RebuildTransferFunctionScriptingTraits (0ms)
			SetupTypeCache (267ms)
			ReleaseScriptCaches (1ms)
			RebuildScriptCaches (46ms)
			SetupLoadedEditorAssemblies (322ms)
				LogAssemblyErrors (0ms)
				InitializePlatformSupportModulesInManaged (5ms)
				SetLoadedEditorAssemblies (0ms)
				RefreshPlugins (0ms)
				BeforeProcessingInitializeOnLoad (86ms)
				ProcessInitializeOnLoadAttributes (216ms)
				ProcessInitializeOnLoadMethodAttributes (6ms)
				AfterProcessingInitializeOnLoad (7ms)
				EditorAssembliesLoaded (0ms)
			ExecutionOrderSort2 (0ms)
			AwakeInstancesAfterBackupRestoration (6ms)
Platform modules already initialized, skipping
Refreshing native plugins compatible for Editor in 0.26 ms, found 2 plugins.
Preloading 0 native plugins for Editor in 0.00 ms.
Unloading 1386 Unused Serialized files (Serialized files now loaded: 0)
System memory in use before: 68.1 MB.
System memory in use after: 68.1 MB.

Unloading 15 unused Assets to reduce memory usage. Loaded Objects now: 1841.
Total: 1.600900 ms (FindLiveObjects: 0.131900 ms CreateObjectMapping: 0.040200 ms MarkObjects: 1.351800 ms  DeleteObjects: 0.076000 ms)

AssetImportParameters requested are different than current active one (requested -> active):
  custom:framework-win-MediaFoundation: 216162199b28c13a410421893ffa2e32 -> 
  custom:video-decoder-ogg-theora: a1e56fd34408186e4bbccfd4996cb3dc -> 
  custom:container-muxer-webm: aa71ff27fc2769a1b78a27578f13a17b -> 
  custom:container-demuxer-webm: 4f35f7cbe854078d1ac9338744f61a02 -> 
  custom:container-demuxer-ogg: 62fdf1f143b41e24485cea50d1cbac27 -> 
  custom:video-encoder-webm-vp8: eb34c28f22e8b96e1ab97ce403110664 -> 
  custom:video-codec-MediaFoundation-h265: 746d11721c4dcdbdad8f713fa42b33f4 -> 
  custom:video-decoder-webm-vp8: 9c59270c3fd7afecdb556c50c9e8de78 -> 
  custom:audio-decoder-ogg-vorbis: bf7c407c2cedff20999df2af8eb42d56 -> 
  custom:audio-encoder-webm-vorbis: bf7c407c2cedff20999df2af8eb42d56 -> 
========================================================================
Received Import Request.
  Time since last request: 6.811099 seconds.
  path: Assets/New Folder
  artifactKey: Guid(02e217a9c54ef1d4299c15e5662c391c) Importer(815301076,1909f56bfc062723c751e8b465ee728b)
Start importing Assets/New Folder using Guid(02e217a9c54ef1d4299c15e5662c391c) Importer(815301076,1909f56bfc062723c751e8b465ee728b)  -> (artifact id: 'bb7f9a1be9261f27ed1ae783deeb3cf6') in 0.009196 seconds 
  Import took 0.011627 seconds .

========================================================================
Received Import Request.
  Time since last request: 5.286664 seconds.
  path: Assets/SCripts
  artifactKey: Guid(02e217a9c54ef1d4299c15e5662c391c) Importer(815301076,1909f56bfc062723c751e8b465ee728b)
Start importing Assets/SCripts using Guid(02e217a9c54ef1d4299c15e5662c391c) Importer(815301076,1909f56bfc062723c751e8b465ee728b)  -> (artifact id: '1f9489e478e174d41cc4702c14401955') in 0.008645 seconds 
  Import took 0.011285 seconds .

========================================================================
Received Import Request.
  Time since last request: 6.054701 seconds.
  path: Assets/criptsCripts
  artifactKey: Guid(02e217a9c54ef1d4299c15e5662c391c) Importer(815301076,1909f56bfc062723c751e8b465ee728b)
Start importing Assets/criptsCripts using Guid(02e217a9c54ef1d4299c15e5662c391c) Importer(815301076,1909f56bfc062723c751e8b465ee728b)  -> (artifact id: '379c64144082106f9575423c5a0377e2') in 0.010460 seconds 
  Import took 0.014252 seconds .

========================================================================
Received Import Request.
  Time since last request: 5.575710 seconds.
  path: Assets/Scripts
  artifactKey: Guid(02e217a9c54ef1d4299c15e5662c391c) Importer(815301076,1909f56bfc062723c751e8b465ee728b)
Start importing Assets/Scripts using Guid(02e217a9c54ef1d4299c15e5662c391c) Importer(815301076,1909f56bfc062723c751e8b465ee728b)  -> (artifact id: '943b91f5cf9701498ea69a6d2de7e2c5') in 0.008517 seconds 
  Import took 0.011477 seconds .

========================================================================
Received Prepare
Registering precompiled user dll's ...
Registered in 0.004346 seconds.
Begin MonoManager ReloadAssembly
Native extension for WindowsStandalone target not found
Refreshing native plugins compatible for Editor in 0.33 ms, found 2 plugins.
Preloading 0 native plugins for Editor in 0.00 ms.
Mono: successfully reloaded assembly
- Completed reload, in  1.051 seconds
Domain Reload Profiling:
	ReloadAssembly (1052ms)
		BeginReloadAssembly (123ms)
			ExecutionOrderSort (0ms)
			DisableScriptedObjects (4ms)
			BackupInstance (0ms)
			ReleaseScriptingObjects (0ms)
			CreateAndSetChildDomain (37ms)
		EndReloadAssembly (869ms)
			LoadAssemblies (90ms)
			RebuildTransferFunctionScriptingTraits (0ms)
			SetupTypeCache (287ms)
			ReleaseScriptCaches (2ms)
			RebuildScriptCaches (40ms)
			SetupLoadedEditorAssemblies (359ms)
				LogAssemblyErrors (0ms)
				InitializePlatformSupportModulesInManaged (5ms)
				SetLoadedEditorAssemblies (0ms)
				RefreshPlugins (0ms)
				BeforeProcessingInitializeOnLoad (84ms)
				ProcessInitializeOnLoadAttributes (254ms)
				ProcessInitializeOnLoadMethodAttributes (6ms)
				AfterProcessingInitializeOnLoad (9ms)
				EditorAssembliesLoaded (0ms)
			ExecutionOrderSort2 (0ms)
			AwakeInstancesAfterBackupRestoration (7ms)
Platform modules already initialized, skipping
Refreshing native plugins compatible for Editor in 2.27 ms, found 2 plugins.
Preloading 0 native plugins for Editor in 0.00 ms.
Unloading 1386 Unused Serialized files (Serialized files now loaded: 0)
System memory in use before: 68.1 MB.
System memory in use after: 68.2 MB.

Unloading 14 unused Assets to reduce memory usage. Loaded Objects now: 1844.
Total: 2.174200 ms (FindLiveObjects: 0.202700 ms CreateObjectMapping: 0.063300 ms MarkObjects: 1.857900 ms  DeleteObjects: 0.048100 ms)

AssetImportParameters requested are different than current active one (requested -> active):
  custom:framework-win-MediaFoundation: 216162199b28c13a410421893ffa2e32 -> 
  custom:video-decoder-ogg-theora: a1e56fd34408186e4bbccfd4996cb3dc -> 
  custom:container-muxer-webm: aa71ff27fc2769a1b78a27578f13a17b -> 
  custom:container-demuxer-webm: 4f35f7cbe854078d1ac9338744f61a02 -> 
  custom:container-demuxer-ogg: 62fdf1f143b41e24485cea50d1cbac27 -> 
  custom:video-encoder-webm-vp8: eb34c28f22e8b96e1ab97ce403110664 -> 
  custom:video-codec-MediaFoundation-h265: 746d11721c4dcdbdad8f713fa42b33f4 -> 
  custom:video-decoder-webm-vp8: 9c59270c3fd7afecdb556c50c9e8de78 -> 
  custom:audio-decoder-ogg-vorbis: bf7c407c2cedff20999df2af8eb42d56 -> 
  custom:audio-encoder-webm-vorbis: bf7c407c2cedff20999df2af8eb42d56 -> 
========================================================================
Received Import Request.
  Time since last request: 5.930524 seconds.
  path: Assets/Scripts/PlayerController.cs
  artifactKey: Guid(68c3839d635d7fc4d887bcf5af0f3813) Importer(815301076,1909f56bfc062723c751e8b465ee728b)
Start importing Assets/Scripts/PlayerController.cs using Guid(68c3839d635d7fc4d887bcf5af0f3813) Importer(815301076,1909f56bfc062723c751e8b465ee728b)  -> (artifact id: '7989849b64c8c52e0059b9f0dc7cacf9') in 0.013943 seconds 
  Import took 0.016840 seconds .

========================================================================
Received Prepare
Registering precompiled user dll's ...
Registered in 0.012920 seconds.
Begin MonoManager ReloadAssembly
Native extension for WindowsStandalone target not found
Refreshing native plugins compatible for Editor in 0.36 ms, found 2 plugins.
Preloading 0 native plugins for Editor in 0.00 ms.
Mono: successfully reloaded assembly
- Completed reload, in  1.233 seconds
Domain Reload Profiling:
	ReloadAssembly (1234ms)
		BeginReloadAssembly (134ms)
			ExecutionOrderSort (0ms)
			DisableScriptedObjects (6ms)
			BackupInstance (0ms)
			ReleaseScriptingObjects (0ms)
			CreateAndSetChildDomain (36ms)
		EndReloadAssembly (1019ms)
			LoadAssemblies (123ms)
			RebuildTransferFunctionScriptingTraits (0ms)
			SetupTypeCache (351ms)
			ReleaseScriptCaches (1ms)
			RebuildScriptCaches (53ms)
			SetupLoadedEditorAssemblies (374ms)
				LogAssemblyErrors (0ms)
				InitializePlatformSupportModulesInManaged (6ms)
				SetLoadedEditorAssemblies (1ms)
				RefreshPlugins (0ms)
				BeforeProcessingInitializeOnLoad (107ms)
				ProcessInitializeOnLoadAttributes (246ms)
				ProcessInitializeOnLoadMethodAttributes (4ms)
				AfterProcessingInitializeOnLoad (10ms)
				EditorAssembliesLoaded (0ms)
			ExecutionOrderSort2 (0ms)
			AwakeInstancesAfterBackupRestoration (8ms)
Platform modules already initialized, skipping
Refreshing native plugins compatible for Editor in 0.38 ms, found 2 plugins.
Preloading 0 native plugins for Editor in 0.00 ms.
Unloading 1386 Unused Serialized files (Serialized files now loaded: 0)
System memory in use before: 68.1 MB.
System memory in use after: 68.2 MB.

Unloading 14 unused Assets to reduce memory usage. Loaded Objects now: 1847.
Total: 2.486100 ms (FindLiveObjects: 0.205500 ms CreateObjectMapping: 0.060400 ms MarkObjects: 2.149500 ms  DeleteObjects: 0.067800 ms)

AssetImportParameters requested are different than current active one (requested -> active):
  custom:framework-win-MediaFoundation: 216162199b28c13a410421893ffa2e32 -> 
  custom:video-decoder-ogg-theora: a1e56fd34408186e4bbccfd4996cb3dc -> 
  custom:container-muxer-webm: aa71ff27fc2769a1b78a27578f13a17b -> 
  custom:container-demuxer-webm: 4f35f7cbe854078d1ac9338744f61a02 -> 
  custom:container-demuxer-ogg: 62fdf1f143b41e24485cea50d1cbac27 -> 
  custom:video-encoder-webm-vp8: eb34c28f22e8b96e1ab97ce403110664 -> 
  custom:video-codec-MediaFoundation-h265: 746d11721c4dcdbdad8f713fa42b33f4 -> 
  custom:video-decoder-webm-vp8: 9c59270c3fd7afecdb556c50c9e8de78 -> 
  custom:audio-decoder-ogg-vorbis: bf7c407c2cedff20999df2af8eb42d56 -> 
  custom:audio-encoder-webm-vorbis: bf7c407c2cedff20999df2af8eb42d56 -> 
========================================================================
Received Prepare
Registering precompiled user dll's ...
Registered in 0.003904 seconds.
Begin MonoManager ReloadAssembly
Native extension for WindowsStandalone target not found
Refreshing native plugins compatible for Editor in 0.85 ms, found 2 plugins.
Preloading 0 native plugins for Editor in 0.00 ms.
Mono: successfully reloaded assembly
- Completed reload, in  1.019 seconds
Domain Reload Profiling:
	ReloadAssembly (1020ms)
		BeginReloadAssembly (120ms)
			ExecutionOrderSort (0ms)
			DisableScriptedObjects (6ms)
			BackupInstance (0ms)
			ReleaseScriptingObjects (0ms)
			CreateAndSetChildDomain (35ms)
		EndReloadAssembly (832ms)
			LoadAssemblies (94ms)
			RebuildTransferFunctionScriptingTraits (0ms)
			SetupTypeCache (250ms)
			ReleaseScriptCaches (1ms)
			RebuildScriptCaches (51ms)
			SetupLoadedEditorAssemblies (333ms)
				LogAssemblyErrors (0ms)
				InitializePlatformSupportModulesInManaged (5ms)
				SetLoadedEditorAssemblies (2ms)
				RefreshPlugins (1ms)
				BeforeProcessingInitializeOnLoad (90ms)
				ProcessInitializeOnLoadAttributes (223ms)
				ProcessInitializeOnLoadMethodAttributes (3ms)
				AfterProcessingInitializeOnLoad (8ms)
				EditorAssembliesLoaded (1ms)
			ExecutionOrderSort2 (0ms)
			AwakeInstancesAfterBackupRestoration (8ms)
Platform modules already initialized, skipping
Refreshing native plugins compatible for Editor in 0.36 ms, found 2 plugins.
Preloading 0 native plugins for Editor in 0.00 ms.
Unloading 1386 Unused Serialized files (Serialized files now loaded: 0)
System memory in use before: 68.1 MB.
System memory in use after: 68.2 MB.

Unloading 14 unused Assets to reduce memory usage. Loaded Objects now: 1850.
Total: 2.011500 ms (FindLiveObjects: 0.203400 ms CreateObjectMapping: 0.071900 ms MarkObjects: 1.677800 ms  DeleteObjects: 0.057100 ms)

AssetImportParameters requested are different than current active one (requested -> active):
  custom:framework-win-MediaFoundation: 216162199b28c13a410421893ffa2e32 -> 
  custom:video-decoder-ogg-theora: a1e56fd34408186e4bbccfd4996cb3dc -> 
  custom:container-muxer-webm: aa71ff27fc2769a1b78a27578f13a17b -> 
  custom:container-demuxer-webm: 4f35f7cbe854078d1ac9338744f61a02 -> 
  custom:container-demuxer-ogg: 62fdf1f143b41e24485cea50d1cbac27 -> 
  custom:video-encoder-webm-vp8: eb34c28f22e8b96e1ab97ce403110664 -> 
  custom:video-codec-MediaFoundation-h265: 746d11721c4dcdbdad8f713fa42b33f4 -> 
  custom:video-decoder-webm-vp8: 9c59270c3fd7afecdb556c50c9e8de78 -> 
  custom:audio-decoder-ogg-vorbis: bf7c407c2cedff20999df2af8eb42d56 -> 
  custom:audio-encoder-webm-vorbis: bf7c407c2cedff20999df2af8eb42d56 -> 
========================================================================
Received Import Request.
  Time since last request: 406.905724 seconds.
  path: Assets/Black.mat
  artifactKey: Guid(5263a05050f855949adbc6327b76400f) Importer(815301076,1909f56bfc062723c751e8b465ee728b)
Start importing Assets/Black.mat using Guid(5263a05050f855949adbc6327b76400f) Importer(815301076,1909f56bfc062723c751e8b465ee728b)  -> (artifact id: '1fdf9ce740a28c4947d11395f290c104') in 0.090265 seconds 
  Import took 0.093972 seconds .

========================================================================
Received Import Request.
  Time since last request: 19.974300 seconds.
  path: Assets/Black.mat
  artifactKey: Guid(5263a05050f855949adbc6327b76400f) Importer(815301076,1909f56bfc062723c751e8b465ee728b)
Start importing Assets/Black.mat using Guid(5263a05050f855949adbc6327b76400f) Importer(815301076,1909f56bfc062723c751e8b465ee728b)  -> (artifact id: '39427be3c98da4bc407b4f0e95955734') in 0.020201 seconds 
  Import took 0.024280 seconds .

========================================================================
Received Import Request.
  Time since last request: 26.807550 seconds.
  path: Assets/Black.mat
  artifactKey: Guid(5263a05050f855949adbc6327b76400f) Importer(815301076,1909f56bfc062723c751e8b465ee728b)
Start importing Assets/Black.mat using Guid(5263a05050f855949adbc6327b76400f) Importer(815301076,1909f56bfc062723c751e8b465ee728b)  -> (artifact id: '9fcd0e95f5bb730eb891f2530570da63') in 0.019015 seconds 
  Import took 0.022734 seconds .

